<?xml version="1.0" encoding="UTF-8"?>
<!-- Generated by org.testng.reporters.JUnitReportReporter -->
<testsuite hostname="BT1704430" failures="0" tests="1" name="testcases.LoginTest" time="11.733" errors="0" timestamp="2024-11-18T15:18:54 IST" skipped="0">
  <testcase classname="testcases.LoginTest" name="Login" time="11.733"/>
</testsuite> <!-- testcases.LoginTest -->
