<?xml version="1.0" encoding="UTF-8"?>
<!-- Generated by org.testng.reporters.JUnitReportReporter -->
<testsuite hostname="BT1704430" failures="0" tests="1" name="testcases.LoginTest" time="9.487" errors="0" timestamp="2025-05-13T05:51:44 IST" skipped="0">
  <testcase classname="testcases.LoginTest" name="Login" time="9.487"/>
</testsuite> <!-- testcases.LoginTest -->
