<?xml version="1.0" encoding="UTF-8"?>
<!-- Generated by org.testng.reporters.JUnitReportReporter -->
<testsuite hostname="BT1704430" failures="0" tests="1" name="testcases.CreateNewAccount" time="6.925" errors="0" timestamp="2024-11-18T15:06:01 IST" skipped="0">
  <testcase classname="testcases.CreateNewAccount" name="CreateAccount" time="6.925"/>
</testsuite> <!-- testcases.CreateNewAccount -->
