<?xml version="1.0" encoding="UTF-8"?>
<!-- Generated by org.testng.reporters.JUnitReportReporter -->
<testsuite hostname="BT1704430" failures="0" tests="1" name="testcases.CheckoutAddedProducts" time="9.161" errors="0" timestamp="2024-11-18T15:18:54 IST" skipped="0">
  <testcase classname="testcases.CheckoutAddedProducts" name="checkout" time="9.161"/>
</testsuite> <!-- testcases.CheckoutAddedProducts -->
