<?xml version="1.0" encoding="UTF-8"?>
<!-- Generated by org.testng.reporters.JUnitReportReporter -->
<testsuite hostname="BT1704430" failures="0" tests="1" name="testcases.Search_AddToCart" time="20.849" errors="0" timestamp="2025-04-19T23:05:42 IST" skipped="0">
  <testcase classname="testcases.Search_AddToCart" name="SearchAndAddToCart" time="20.849"/>
</testsuite> <!-- testcases.Search_AddToCart -->
