<?xml version="1.0" encoding="UTF-8"?>
<!-- Generated by org.testng.reporters.JUnitReportReporter -->
<testsuite hostname="BT1704430" failures="0" tests="1" name="testcases.CheckoutAddedProducts" time="13.849" errors="0" timestamp="2025-04-19T23:05:42 IST" skipped="0">
  <testcase classname="testcases.CheckoutAddedProducts" name="checkout" time="13.849"/>
</testsuite> <!-- testcases.CheckoutAddedProducts -->
